生成启动时间为 2018/3/12 23:38:15。
     1>项目“C:\Users\lenovo\Desktop\KinectBodyIndex\KinectBodyIndex.vcxproj”在节点 2 上(Build 个目标)。
     1>ClCompile:
         C:\Program Files (x86)\Microsoft Visual Studio 12.0\VC\bin\CL.exe /c /ZI /nologo /W3 /WX- /Od /Oy- /D WIN32 /D _WINDOWS /D _DEBUG /D _UNICODE /D UNICODE /D _AFXDLL /Gm /EHsc /RTC1 /MDd /GS /fp:precise /Zc:wchar_t /Zc:forScope /Yu"stdafx.h" /Fp"Debug\KinectBodyIndex.pch" /Fo"Debug\\" /Fd"Debug\vc120.pdb" /Gd /TP /analyze- /errorReport:prompt PictureSynthesis.cpp
         PictureSynthesis.cpp
     1>c:\users\lenovo\desktop\kinectbodyindex\picturesynthesis.cpp(104): warning C4390: “;”: 找到空的受控语句；这是否是有意的?
     1>c:\users\lenovo\desktop\kinectbodyindex\picturesynthesis.cpp(120): warning C4996: 'itoa': The POSIX name for this item is deprecated. Instead, use the ISO C++ conformant name: _itoa. See online help for details.
                 c:\program files (x86)\microsoft visual studio 12.0\vc\include\stdlib.h(937) : 参见“itoa”的声明
       ResourceCompile:
         C:\Program Files (x86)\Windows Kits\8.1\bin\x86\rc.exe /D _DEBUG /D _UNICODE /D UNICODE /D _AFXDLL /l"0x0804" /IDebug\ /nologo /fo"Debug\KinectBodyIndex.res" KinectBodyIndex.rc 
       Link:
         C:\Program Files (x86)\Microsoft Visual Studio 12.0\VC\bin\link.exe /ERRORREPORT:PROMPT /OUT:"C:\Users\lenovo\Desktop\KinectBodyIndex\Debug\KinectBodyIndex.exe" /INCREMENTAL /NOLOGO opencv_calib3d249d.lib opencv_contrib249d.lib opencv_core249d.lib opencv_features2d249d.lib opencv_flann249d.lib opencv_gpu249d.lib opencv_highgui249d.lib opencv_imgproc249d.lib opencv_legacy249d.lib opencv_ml249d.lib opencv_nonfree249d.lib opencv_objdetect249d.lib opencv_ocl249d.lib opencv_photo249d.lib opencv_stitching249d.lib opencv_superres249d.lib opencv_ts249d.lib opencv_video249d.lib opencv_videostab249d.lib Kinect20.lib /MANIFEST /MANIFESTUAC:"level='asInvoker' uiAccess='false'" /manifest:embed /manifestinput:"C:\Program Files (x86)\Microsoft Visual Studio 12.0\VC\Include\Manifest\dpiaware.manifest" /DEBUG /PDB:"C:\Users\lenovo\Desktop\KinectBodyIndex\Debug\KinectBodyIndex.pdb" /SUBSYSTEM:WINDOWS /TLBID:1 /ENTRY:"wWinMainCRTStartup" /DYNAMICBASE /NXCOMPAT /IMPLIB:"C:\Users\lenovo\Desktop\KinectBodyIndex\Debug\KinectBodyIndex.lib" /MACHINE:X86 Debug\KinectBodyIndex.res
         Debug\CvvImage.obj
         Debug\KinectBodyIndex.obj
         Debug\KinectBodyIndexDlg.obj
         Debug\PictureSynthesis.obj
         Debug\stdafx.obj
         KinectBodyIndex.vcxproj -> C:\Users\lenovo\Desktop\KinectBodyIndex\Debug\KinectBodyIndex.exe
     1>已完成生成项目“C:\Users\lenovo\Desktop\KinectBodyIndex\KinectBodyIndex.vcxproj”(Build 个目标)的操作。

生成成功。

已用时间 00:00:03.78
